[13-Sep-2024 04:56:42 Europe/Berlin] PHP Fatal error:  Uncaught ArgumentCountError: The number of elements in the type definition string must match the number of bind variables in C:\xampp\htdocs\Obligatorio\TheDigitals\backend\model\UsuarioDAO.php:34
Stack trace:
#0 C:\xampp\htdocs\Obligatorio\TheDigitals\backend\model\UsuarioDAO.php(34): mysqli_stmt->bind_param('ssisiss', 'fdsafdas', 'fas', '543', NULL, 'asd', '3', 'fa', '123', 'gas')
#1 C:\xampp\htdocs\Obligatorio\TheDigitals\backend\controller\CuentaController.php(30): Usuario->registrar('fdsafdas', 'fas', '543', 'asd', '3', 'fa', '123', 'gas')
#2 C:\xampp\htdocs\Obligatorio\TheDigitals\backend\controller\CuentaController.php(10): crear()
#3 {main}
  thrown in C:\xampp\htdocs\Obligatorio\TheDigitals\backend\model\UsuarioDAO.php on line 34
[13-Sep-2024 05:00:15 Europe/Berlin] PHP Fatal error:  Uncaught ArgumentCountError: The number of elements in the type definition string must match the number of bind variables in C:\xampp\htdocs\Obligatorio\TheDigitals\backend\model\UsuarioDAO.php:34
Stack trace:
#0 C:\xampp\htdocs\Obligatorio\TheDigitals\backend\model\UsuarioDAO.php(34): mysqli_stmt->bind_param('ssisiss', 'fdsafdas', 'fas', '543', 'asd', '3', 'fa', '123', 'gas')
#1 C:\xampp\htdocs\Obligatorio\TheDigitals\backend\controller\CuentaController.php(30): Usuario->registrar('fdsafdas', 'fas', '543', 'asd', '3', 'fa', '123', 'gas')
#2 C:\xampp\htdocs\Obligatorio\TheDigitals\backend\controller\CuentaController.php(10): crear()
#3 {main}
  thrown in C:\xampp\htdocs\Obligatorio\TheDigitals\backend\model\UsuarioDAO.php on line 34
[13-Sep-2024 05:32:11 Europe/Berlin] PHP Warning:  Undefined array key "apell" in C:\xampp\htdocs\Obligatorio\TheDigitals\backend\controller\CuentaController.php on line 22
[13-Sep-2024 05:32:11 Europe/Berlin] PHP Warning:  Undefined array key "num" in C:\xampp\htdocs\Obligatorio\TheDigitals\backend\controller\CuentaController.php on line 25
[13-Sep-2024 05:35:48 Europe/Berlin] PHP Warning:  Undefined array key "apell" in C:\xampp\htdocs\Obligatorio\TheDigitals\backend\controller\CuentaController.php on line 22
[13-Sep-2024 05:35:48 Europe/Berlin] PHP Warning:  Undefined array key "num" in C:\xampp\htdocs\Obligatorio\TheDigitals\backend\controller\CuentaController.php on line 25
[13-Sep-2024 06:05:31 Europe/Berlin] PHP Warning:  Undefined array key "email" in C:\xampp\htdocs\Obligatorio\TheDigitals\backend\controller\SesionController.php on line 16
[13-Sep-2024 06:05:31 Europe/Berlin] PHP Warning:  Undefined array key "pass" in C:\xampp\htdocs\Obligatorio\TheDigitals\backend\controller\SesionController.php on line 17
[13-Sep-2024 06:42:31 Europe/Berlin] PHP Warning:  Undefined array key "Password" in C:\xampp\htdocs\Obligatorio\TheDigitals\backend\model\SesionDAO.php on line 24
[13-Sep-2024 06:42:32 Europe/Berlin] PHP Warning:  Undefined array key "Password" in C:\xampp\htdocs\Obligatorio\TheDigitals\backend\model\SesionDAO.php on line 24
[13-Sep-2024 06:42:45 Europe/Berlin] PHP Warning:  Undefined array key "Password" in C:\xampp\htdocs\Obligatorio\TheDigitals\backend\model\SesionDAO.php on line 24
[13-Sep-2024 06:45:59 Europe/Berlin] PHP Warning:  Undefined array key "Contraseña" in C:\xampp\htdocs\Obligatorio\TheDigitals\backend\model\SesionDAO.php on line 24
[13-Sep-2024 06:46:08 Europe/Berlin] PHP Warning:  Undefined array key "Contraseña" in C:\xampp\htdocs\Obligatorio\TheDigitals\backend\model\SesionDAO.php on line 24
[13-Sep-2024 07:07:08 Europe/Berlin] PHP Warning:  Undefined array key "Contraseña" in C:\xampp\htdocs\Obligatorio\TheDigitals\backend\model\SesionDAO.php on line 23
[13-Sep-2024 21:51:51 Europe/Berlin] PHP Warning:  move_uploaded_file(../img/255.png): Failed to open stream: No such file or directory in C:\xampp\htdocs\TheDigitals\backend\model\ProductoDAO.php on line 62
[13-Sep-2024 21:51:51 Europe/Berlin] PHP Warning:  move_uploaded_file(): Unable to move &quot;C:\xampp\tmp\phpE9CD.tmp&quot; to &quot;../img/255.png&quot; in C:\xampp\htdocs\TheDigitals\backend\model\ProductoDAO.php on line 62
[17-Sep-2024 03:16:26 Europe/Berlin] PHP Warning:  Undefined variable $id in C:\xampp\htdocs\TheDigitals\backend\controller\SesionController.php on line 24
[17-Sep-2024 03:16:53 Europe/Berlin] PHP Warning:  Undefined variable $id in C:\xampp\htdocs\TheDigitals\backend\controller\SesionController.php on line 24
[17-Sep-2024 03:17:59 Europe/Berlin] PHP Warning:  Undefined array key "id" in C:\xampp\htdocs\TheDigitals\backend\controller\SesionController.php on line 21
[17-Sep-2024 03:18:16 Europe/Berlin] PHP Warning:  Undefined array key "id" in C:\xampp\htdocs\TheDigitals\backend\controller\SesionController.php on line 21
[23-Sep-2024 18:08:14 Europe/Berlin] PHP Warning:  Undefined array key "img" in C:\xampp\htdocs\TheDigitals\backend\controller\ProductoController.php on line 32
[23-Sep-2024 18:08:14 Europe/Berlin] PHP Warning:  Trying to access array offset on value of type null in C:\xampp\htdocs\TheDigitals\backend\model\ProductoDAO.php on line 33
[23-Sep-2024 18:08:14 Europe/Berlin] PHP Warning:  Trying to access array offset on value of type null in C:\xampp\htdocs\TheDigitals\backend\model\ProductoDAO.php on line 42
[23-Sep-2024 18:11:09 Europe/Berlin] PHP Warning:  Undefined array key "img" in C:\xampp\htdocs\TheDigitals\backend\controller\ProductoController.php on line 32
[23-Sep-2024 18:11:09 Europe/Berlin] PHP Warning:  Trying to access array offset on value of type null in C:\xampp\htdocs\TheDigitals\backend\model\ProductoDAO.php on line 33
[23-Sep-2024 18:11:09 Europe/Berlin] PHP Warning:  Trying to access array offset on value of type null in C:\xampp\htdocs\TheDigitals\backend\model\ProductoDAO.php on line 42
[23-Sep-2024 19:01:58 Europe/Berlin] PHP Warning:  session_destroy(): Trying to destroy uninitialized session in C:\xampp\htdocs\TheDigitals\backend\controller\SesionController.php on line 30
[23-Sep-2024 19:17:00 Europe/Berlin] PHP Warning:  Undefined array key "admin" in C:\xampp\htdocs\TheDigitals\backend\controller\SesionController.php on line 22
[23-Sep-2024 19:17:00 Europe/Berlin] PHP Warning:  Attempt to read property "" on null in C:\xampp\htdocs\TheDigitals\backend\controller\SesionController.php on line 22
[23-Sep-2024 19:17:00 Europe/Berlin] PHP Fatal error:  Uncaught Error: Object of class Respuesta could not be converted to string in C:\xampp\htdocs\TheDigitals\backend\controller\SesionController.php:22
Stack trace:
#0 C:\xampp\htdocs\TheDigitals\backend\controller\SesionController.php(8): iniciarSesion()
#1 {main}
  thrown in C:\xampp\htdocs\TheDigitals\backend\controller\SesionController.php on line 22
[23-Sep-2024 19:18:07 Europe/Berlin] PHP Warning:  Undefined array key "admin" in C:\xampp\htdocs\TheDigitals\backend\controller\SesionController.php on line 22
[23-Sep-2024 19:18:07 Europe/Berlin] PHP Warning:  Attempt to read property "" on null in C:\xampp\htdocs\TheDigitals\backend\controller\SesionController.php on line 22
[23-Sep-2024 19:18:07 Europe/Berlin] PHP Fatal error:  Uncaught Error: Object of class Respuesta could not be converted to string in C:\xampp\htdocs\TheDigitals\backend\controller\SesionController.php:22
Stack trace:
#0 C:\xampp\htdocs\TheDigitals\backend\controller\SesionController.php(8): iniciarSesion()
#1 {main}
  thrown in C:\xampp\htdocs\TheDigitals\backend\controller\SesionController.php on line 22
[23-Sep-2024 19:43:43 Europe/Berlin] PHP Warning:  session_destroy(): Trying to destroy uninitialized session in C:\xampp\htdocs\TheDigitals\backend\controller\SesionController.php on line 31
[23-Sep-2024 19:45:58 Europe/Berlin] PHP Warning:  session_destroy(): Trying to destroy uninitialized session in C:\xampp\htdocs\TheDigitals\backend\controller\SesionController.php on line 31
[23-Sep-2024 19:59:50 Europe/Berlin] PHP Fatal error:  Uncaught Error: Call to a member function query() on null in C:\xamppp\htdocs\TheDigitals\backend\model\ProductoDAO.php:18
Stack trace:
#0 C:\xamppp\htdocs\TheDigitals\backend\controller\ProductoController.php(24): Producto->obtener()
#1 C:\xamppp\htdocs\TheDigitals\backend\controller\ProductoController.php(10): obtener()
#2 {main}
  thrown in C:\xamppp\htdocs\TheDigitals\backend\model\ProductoDAO.php on line 18
[23-Sep-2024 19:59:50 Europe/Berlin] PHP Fatal error:  Uncaught Error: Call to a member function query() on null in C:\xamppp\htdocs\TheDigitals\backend\model\ProductoDAO.php:18
Stack trace:
#0 C:\xamppp\htdocs\TheDigitals\backend\controller\ProductoController.php(24): Producto->obtener()
#1 C:\xamppp\htdocs\TheDigitals\backend\controller\ProductoController.php(10): obtener()
#2 {main}
  thrown in C:\xamppp\htdocs\TheDigitals\backend\model\ProductoDAO.php on line 18
[23-Sep-2024 19:59:50 Europe/Berlin] PHP Fatal error:  Uncaught Error: Call to a member function query() on null in C:\xamppp\htdocs\TheDigitals\backend\model\ProductoDAO.php:18
Stack trace:
#0 C:\xamppp\htdocs\TheDigitals\backend\controller\ProductoController.php(24): Producto->obtener()
#1 C:\xamppp\htdocs\TheDigitals\backend\controller\ProductoController.php(10): obtener()
#2 {main}
  thrown in C:\xamppp\htdocs\TheDigitals\backend\model\ProductoDAO.php on line 18
[24-Sep-2024 04:49:50 Europe/Berlin] PHP Warning:  session_destroy(): Trying to destroy uninitialized session in C:\xampp\htdocs\TheDigitals\backend\controller\SesionController.php on line 31
[24-Sep-2024 15:41:20 Europe/Berlin] PHP Warning:  session_destroy(): Trying to destroy uninitialized session in C:\xampp\htdocs\TheDigitals\backend\controller\SesionController.php on line 31
[24-Sep-2024 15:42:31 Europe/Berlin] PHP Warning:  session_destroy(): Trying to destroy uninitialized session in C:\xampp\htdocs\TheDigitals\backend\controller\SesionController.php on line 31
[24-Sep-2024 15:45:17 Europe/Berlin] PHP Warning:  session_destroy(): Trying to destroy uninitialized session in C:\xampp\htdocs\TheDigitals\backend\controller\SesionController.php on line 31
[24-Sep-2024 15:47:47 Europe/Berlin] PHP Warning:  session_destroy(): Trying to destroy uninitialized session in C:\xampp\htdocs\TheDigitals\backend\controller\SesionController.php on line 31
[24-Sep-2024 15:54:04 Europe/Berlin] PHP Warning:  session_destroy(): Trying to destroy uninitialized session in C:\xampp\htdocs\TheDigitals\backend\controller\SesionController.php on line 31
[24-Sep-2024 15:55:10 Europe/Berlin] PHP Warning:  session_destroy(): Trying to destroy uninitialized session in C:\xampp\htdocs\TheDigitals\backend\controller\SesionController.php on line 31
[24-Sep-2024 16:03:17 Europe/Berlin] PHP Warning:  session_destroy(): Trying to destroy uninitialized session in C:\xampp\htdocs\TheDigitals\backend\controller\SesionController.php on line 31
[24-Sep-2024 16:07:14 Europe/Berlin] PHP Warning:  session_destroy(): Trying to destroy uninitialized session in C:\xampp\htdocs\TheDigitals\backend\controller\SesionController.php on line 31
[24-Sep-2024 16:27:22 Europe/Berlin] PHP Warning:  session_destroy(): Trying to destroy uninitialized session in C:\xampp\htdocs\TheDigitals\backend\controller\SesionController.php on line 31
[25-Sep-2024 01:30:36 Europe/Berlin] PHP Warning:  session_destroy(): Trying to destroy uninitialized session in C:\xampp\htdocs\TheDigitals\backend\controller\SesionController.php on line 31
[25-Sep-2024 04:54:56 Europe/Berlin] PHP Warning:  Undefined array key "calle" in C:\xampp\htdocs\TheDigitals\backend\controller\PedidoController.php on line 34
[25-Sep-2024 04:54:56 Europe/Berlin] PHP Warning:  Undefined array key "num" in C:\xampp\htdocs\TheDigitals\backend\controller\PedidoController.php on line 35
[25-Sep-2024 04:54:56 Europe/Berlin] PHP Warning:  Undefined array key "piso" in C:\xampp\htdocs\TheDigitals\backend\controller\PedidoController.php on line 36
[25-Sep-2024 00:00:14 America/Montevideo] PHP Warning:  foreach() argument must be of type array|object, string given in C:\xampp\htdocs\TheDigitals\backend\model\PedidoDAO.php on line 35
[25-Sep-2024 05:00:40 Europe/Berlin] PHP Warning:  Undefined array key "calle" in C:\xampp\htdocs\TheDigitals\backend\controller\PedidoController.php on line 34
[25-Sep-2024 05:00:40 Europe/Berlin] PHP Warning:  Undefined array key "num" in C:\xampp\htdocs\TheDigitals\backend\controller\PedidoController.php on line 35
[25-Sep-2024 05:00:40 Europe/Berlin] PHP Warning:  Undefined array key "piso" in C:\xampp\htdocs\TheDigitals\backend\controller\PedidoController.php on line 36
[25-Sep-2024 00:00:40 America/Montevideo] PHP Warning:  foreach() argument must be of type array|object, string given in C:\xampp\htdocs\TheDigitals\backend\model\PedidoDAO.php on line 35
[25-Sep-2024 15:43:04 Europe/Berlin] PHP Warning:  session_destroy(): Trying to destroy uninitialized session in C:\xampp\htdocs\TheDigitals\backend\controller\SesionController.php on line 31
